
OpenSBI v0.4 (Jul  2 2019 11:53:53)
   ____                    _____ ____ _____
  / __ \                  / ____|  _ \_   _|
 | |  | |_ __   ___ _ __ | (___ | |_) || |
 | |  | | '_ \ / _ \ '_ \ \___ \|  _ < | |
 | |__| | |_) |  __/ | | |____) | |_) || |_
  \____/| .__/ \___|_| |_|_____/|____/_____|
        | |
        |_|

Platform Name          : QEMU Virt Machine
Platform HART Features : RV64ACDFIMSU
Platform Max HARTs     : 8
Current Hart           : 0
Firmware Base          : 0x80000000
Firmware Size          : 112 KB
Runtime SBI Version    : 0.1

PMP0: 0x0000000080000000-0x000000008001ffff (A)
PMP1: 0x0000000000000000-0xffffffffffffffff (A,R,W,X)
DTB Init
HartID: 0
DTB Address: 0x82200000
Physical Memory from DTB:
  Base: 0x0000000080000000
  Size: 0x0000000008000000 (128 MB)
  End:  0x0000000087ffffff
DTB init completed
(THU.CST) os is loading ...
Special kernel symbols:
  entry  0xffffffffc02000d8 (virtual)
  etext  0xffffffffc0201660 (virtual)
  edata  0xffffffffc0205018 (virtual)
  end    0xffffffffc0205078 (virtual)
Kernel executable memory footprint: 20KB
memory management: best_fit_pmm_manager
physcial memory map:
  memory: 0x0000000008000000, [0x0000000080000000, 0x0000000087ffffff].
check_alloc_page() succeeded!
satp virtual address: 0xffffffffc0204000
satp physical address: 0x0000000080204000
